<?xml version="1.0" encoding="UTF-8"?>
<!-- Generated by org.testng.reporters.JUnitReportReporter -->
<testsuite hostname="DESKTOP-J31KQ3M" failures="0" tests="3" name="testcases.TestClass1" time="94.658" errors="0" timestamp="2023-09-27T14:27:11 IST" skipped="0">
  <testcase classname="testcases.TestClass1" name="Test1" time="13.372"/>
  <testcase classname="testcases.TestClass1" name="Test3" time="68.825"/>
  <testcase classname="testcases.TestClass1" name="Test2" time="12.461"/>
</testsuite> <!-- testcases.TestClass1 -->
