<?xml version="1.0" encoding="UTF-8"?>
<!-- Generated by org.testng.reporters.JUnitReportReporter -->
<testsuite hostname="DESKTOP-J31KQ3M" failures="0" tests="3" name="testcases.TestClass1" time="31.709" errors="0" timestamp="2023-10-14T12:57:23 IST" skipped="0">
  <testcase classname="testcases.TestClass1" name="Test2" time="7.429"/>
  <testcase classname="testcases.TestClass1" name="Test3" time="10.650"/>
  <testcase classname="testcases.TestClass1" name="Test1" time="13.630"/>
</testsuite> <!-- testcases.TestClass1 -->
